Removed Pin From Net: NetName=NRST Pin=C23-2
Removed Pin From Net: NetName=NRST Pin=R11-1
Removed Pin From Net: NetName=NetP2_2 Pin=U1-7
Removed Pin From Net: NetName=NetP2_4 Pin=U1-8
Removed Pin From Net: NetName=NetR2_2 Pin=U1-9
Removed Pin From Net: NetName=NetU2_10 Pin=U1-10
Added Component: Designator=U2(TSSOP-28EP)
Added Component: Designator=U?(SOP 8)
Added Pin To Net: NetName=GND Pin=U1-8
Added Pin To Net: NetName=+3.3V Pin=U1-9
Added Pin To Net: NetName=GND Pin=U1-23
Added Pin To Net: NetName=+3.3V Pin=U1-24
Added Pin To Net: NetName=GND Pin=U1-35
Added Pin To Net: NetName=+3.3V Pin=U1-36
Added Pin To Net: NetName=GND Pin=U1-47
Added Pin To Net: NetName=+3.3V Pin=U1-48
Added Pin To Net: NetName=NetU2_5 Pin=U1-5
Added Pin To Net: NetName=NetR1_2 Pin=U1-6
Added Pin To Net: NetName=NetP2_2 Pin=U1-7
Added Pin To Net: NetName=NetP2_4 Pin=U1-8
Added Pin To Net: NetName=NetR2_2 Pin=U1-9
Added Pin To Net: NetName=NetU2_10 Pin=U1-10
Added Pin To Net: NetName=PWM_CH1 Pin=U1-29
Added Net: Name=PWM_CH1
Added Pin To Net: NetName=PWM_CH2 Pin=U1-30
Added Net: Name=PWM_CH2
Added Pin To Net: NetName=PWM_CH3 Pin=U1-31
Added Net: Name=PWM_CH3
Added Pin To Net: NetName=PWM_CH4 Pin=U1-32
Added Net: Name=PWM_CH4
Added Pin To Net: NetName=RST Pin=C23-2
Added Pin To Net: NetName=RST Pin=R11-1
Added Pin To Net: NetName=RST Pin=U1-7
Added Net: Name=RST
