Removed Pin From Net: NetName=BOOT1 Pin=U1-20
Removed Pin From Net: NetName=GND Pin=U1-23
Removed Pin From Net: NetName=+3.3V Pin=U1-24
Removed Pin From Net: NetName=PWM_CH1 Pin=U1-29
Removed Pin From Net: NetName=PWM_CH2 Pin=U1-30
Removed Pin From Net: NetName=PWM_CH3 Pin=U1-31
Removed Pin From Net: NetName=PWM_CH4 Pin=U1-32
Removed Pin From Net: NetName=GND Pin=U1-35
Removed Pin From Net: NetName=+3.3V Pin=U1-36
Removed Pin From Net: NetName=BOOT0 Pin=U1-44
Removed Pin From Net: NetName=GND Pin=U1-47
Removed Pin From Net: NetName=+3.3V Pin=U1-48
Change Component DesignItemId : Designator=U1 Old DesignItemId=STM32F103C8T6 LQFP48 _MH New DesignItemId=DRV8841PWPR
Change Component DesignItemId : Designator=U6 Old DesignItemId=TJA1050T/CM,118 New DesignItemId=STM32F103C8T6 LQFP48 _MH
Change Component Footprint: Designator=U1 Old Footprint=LQFP48 New Footprint=TSSOP-28EP
Change Component Footprint: Designator=U6 Old Footprint=SOP 8 New Footprint=LQFP48
Change Component Comment : Designator=U1 Old Comment=STM32F103C8T6 LQFP48 _MH New Comment=DRV8841PWPR
Change Component Comment : Designator=U6 Old Comment=TJA1050T/CM,118 New Comment=STM32F103C8T6 LQFP48 _MH
Change Component Designator: OldDesignator=C1 NewDesignator=C14
Change Component Designator: OldDesignator=C2 NewDesignator=C15
Change Component Designator: OldDesignator=C11 NewDesignator=C6
Change Component Designator: OldDesignator=C12 NewDesignator=C7
Change Component Designator: OldDesignator=C16 NewDesignator=C1
Change Component Designator: OldDesignator=C22 NewDesignator=C2
Change Component Designator: OldDesignator=C23 NewDesignator=C10
Change Component Designator: OldDesignator=C26 NewDesignator=C3
Change Component Designator: OldDesignator=C27 NewDesignator=C4
Change Component Designator: OldDesignator=C28 NewDesignator=C8
Change Component Designator: OldDesignator=C29 NewDesignator=C9
Change Component Designator: OldDesignator=C51 NewDesignator=C11
Change Component Designator: OldDesignator=C52 NewDesignator=C12
Change Component Designator: OldDesignator=C53 NewDesignator=C13
Change Component Designator: OldDesignator=C54 NewDesignator=C5
Change Component Designator: OldDesignator=CON3 NewDesignator=CON2
Change Component Designator: OldDesignator=P1 NewDesignator=P2
Change Component Designator: OldDesignator=P2 NewDesignator=P1
Change Component Designator: OldDesignator=R11 NewDesignator=R3
Change Component Designator: OldDesignator=TP5 NewDesignator=TP6
Change Component Designator: OldDesignator=TP6 NewDesignator=TP7
Change Component Designator: OldDesignator=TP7 NewDesignator=TP3
Change Component Designator: OldDesignator=TP8 NewDesignator=TP4
Change Component Designator: OldDesignator=TP10 NewDesignator=TP5
Change Component Designator: OldDesignator=U1 NewDesignator=U2
Change Component Designator: OldDesignator=U3 NewDesignator=U4
Change Component Designator: OldDesignator=U4 NewDesignator=U1
Change Component Designator: OldDesignator=U5 NewDesignator=U3
Change Component Designator: OldDesignator=U10 NewDesignator=U8
Change Component Designator: OldDesignator=U11 NewDesignator=U5
Added Component: Designator=U7(SOP 8)
Added Pin To Net: NetName=OSCIN Pin=U6-5
Added Pin To Net: NetName=OSCOUT Pin=U6-6
Added Pin To Net: NetName=RST Pin=U6-7
Added Pin To Net: NetName=GND Pin=U6-8
Added Pin To Net: NetName=+3.3V Pin=U6-9
Added Pin To Net: NetName=BOOT1 Pin=U6-20
Added Pin To Net: NetName=GND Pin=U6-23
Added Pin To Net: NetName=+3.3V Pin=U6-24
Added Pin To Net: NetName=PWM_CH1 Pin=U6-29
Added Pin To Net: NetName=PWM_CH2 Pin=U6-30
Added Pin To Net: NetName=PWM_CH3 Pin=U6-31
Added Pin To Net: NetName=PWM_CH4 Pin=U6-32
Added Pin To Net: NetName=GND Pin=U6-35
Added Pin To Net: NetName=+3.3V Pin=U6-36
Added Pin To Net: NetName=BOOT0 Pin=U6-44
Added Pin To Net: NetName=GND Pin=U6-47
Added Pin To Net: NetName=+3.3V Pin=U6-48
Change Net Name : Old Net Name=NetP2_1 New Net Name=NetP1_1
Change Net Name : Old Net Name=NetP2_2 New Net Name=NetP1_2
Change Net Name : Old Net Name=NetP2_3 New Net Name=NetP1_3
Change Net Name : Old Net Name=NetP2_4 New Net Name=NetP1_4
Change Net Name : Old Net Name=NetU2_5 New Net Name=NetU1_1
