Removed Pin From Net: NetName=GND_MCU Pin=RS1-1
Removed Pin From Net: NetName=GND_MCU Pin=RS1-2
Removed Pin From Net: NetName=NRST Pin=RS1-3
Removed Pin From Net: NetName=NRST Pin=RS1-4
Removed Pin From Net: NetName=NetU2_5 Pin=U1-5
Removed Pin From Net: NetName=NetR1_2 Pin=U1-6
Removed Pin From Net: NetName=NetP2_2 Pin=U1-7
Removed Pin From Net: NetName=NetP2_4 Pin=U1-8
Removed Pin From Net: NetName=NetR2_2 Pin=U1-9
Removed Pin From Net: NetName=NetU2_10 Pin=U1-10
Added Component: Designator=C?(0805_HV)
Added Component: Designator=C?(0805_HV)
Added Component: Designator=U2(TSSOP-28EP)
Added Component: Designator=Y1(XT2)
Added Pin To Net: NetName=GND Pin=C?-1
Added Pin To Net: NetName=GND Pin=C?-1
Added Pin To Net: NetName=NetU2_5 Pin=U1-5
Added Pin To Net: NetName=NetR1_2 Pin=U1-6
Added Pin To Net: NetName=NetP2_2 Pin=U1-7
Added Pin To Net: NetName=NetP2_4 Pin=U1-8
Added Pin To Net: NetName=NetR2_2 Pin=U1-9
Added Pin To Net: NetName=NetU2_10 Pin=U1-10
Added Pin To Net: NetName=BOOT0 Pin=U1-44
Added Net: Name=BOOT0
Added Pin To Net: NetName=BOOT1 Pin=U1-20
Added Net: Name=BOOT1
Added Pin To Net: NetName=OSCIN Pin=C?-2
Added Pin To Net: NetName=OSCIN Pin=U1-5
Added Pin To Net: NetName=OSCIN Pin=Y1-2
Added Net: Name=OSCIN
Added Pin To Net: NetName=OSCOUT Pin=C?-2
Added Pin To Net: NetName=OSCOUT Pin=U1-6
Added Pin To Net: NetName=OSCOUT Pin=Y1-1
Added Net: Name=OSCOUT
