Removed Pin From Net: NetName=GND_MCU Pin=C17-1
Removed Pin From Net: NetName=+3.3V Pin=C17-2
Removed Pin From Net: NetName=GND_MCU Pin=C18-1
Removed Pin From Net: NetName=+3.3V Pin=C18-2
Removed Pin From Net: NetName=GND_MCU Pin=C19-1
Removed Pin From Net: NetName=IA Pin=C19-2
Removed Pin From Net: NetName=GND_MCU Pin=C20-1
Removed Pin From Net: NetName=IB Pin=C20-2
Removed Pin From Net: NetName=+3.3V Pin=C24-1
Removed Pin From Net: NetName=GND_MCU Pin=C24-2
Removed Pin From Net: NetName=GND_MCU Pin=C25-1
Removed Pin From Net: NetName=+3.3V Pin=C25-2
Removed Pin From Net: NetName=GND_MCU Pin=R13-1
Removed Pin From Net: NetName=NetR1_2 Pin=U1-6
Removed Pin From Net: NetName=NetP2_2 Pin=U1-7
Removed Pin From Net: NetName=NetP2_4 Pin=U1-8
Removed Pin From Net: NetName=NetR2_2 Pin=U1-9
Removed Pin From Net: NetName=+3.3V Pin=U5-1
Removed Pin From Net: NetName=NRST Pin=U5-7
Removed Pin From Net: NetName=IA Pin=U5-8
Removed Pin From Net: NetName=IB Pin=U5-9
Removed Pin From Net: NetName=GND_MCU Pin=U5-12
Removed Pin From Net: NetName=+3.3V Pin=U5-13
Removed Pin From Net: NetName=PA0 Pin=U5-14
Removed Pin From Net: NetName=PA1 Pin=U5-15
Removed Pin From Net: NetName=TX Pin=U5-16
Removed Pin From Net: NetName=RX Pin=U5-17
Removed Pin From Net: NetName=NSCS_AS Pin=U5-20
Removed Pin From Net: NetName=SCLK Pin=U5-21
Removed Pin From Net: NetName=MISO Pin=U5-22
Removed Pin From Net: NetName=MOSI Pin=U5-23
Removed Pin From Net: NetName=GND_MCU Pin=U5-31
Removed Pin From Net: NetName=+3.3V Pin=U5-32
Removed Pin From Net: NetName=PWM-IN-OPTO-AH Pin=U5-41
Removed Pin From Net: NetName=PWM-IN-OPTO-AL Pin=U5-42
Removed Pin From Net: NetName=PWM-IN-OPTO-BL Pin=U5-44
Removed Pin From Net: NetName=SWDIO Pin=U5-46
Removed Pin From Net: NetName=SWCLK Pin=U5-49
Removed Pin From Net: NetName=GND_MCU Pin=U5-63
Removed Pin From Net: NetName=+3.3V Pin=U5-64
Change Component DesignItemId : Designator=U1 Old DesignItemId=DRV8841PWPR New DesignItemId=STM32F103C8T6 LQFP48 _MH
Change Component Footprint: Designator=U1 Old Footprint=TSSOP-28EP New Footprint=LQFP48
Change Component Comment : Designator=U1 Old Comment=DRV8841PWPR New Comment=STM32F103C8T6 LQFP48 _MH
Change Component Designator: OldDesignator=U2 NewDesignator=U3
Change Component Designator: OldDesignator=U3 NewDesignator=U4
Change Component Designator: OldDesignator=U4 NewDesignator=U5
Added Component: Designator=U2(TSSOP-28EP)
Added Pin To Net: NetName=NetR1_2 Pin=U1-6
Added Pin To Net: NetName=NetP2_2 Pin=U1-7
Added Pin To Net: NetName=NetP2_4 Pin=U1-8
Added Pin To Net: NetName=NetR2_2 Pin=U1-9
Added Pin To Net: NetName=NetU2_5 Pin=U1-5
Added Pin To Net: NetName=NetU2_5 Pin=U4-1
Added Pin To Net: NetName=NetU2_5 Pin=U4-2
Added Net: Name=NetU2_5
Added Pin To Net: NetName=NetU2_10 Pin=U1-10
Added Pin To Net: NetName=NetU2_10 Pin=U5-1
Added Pin To Net: NetName=NetU2_10 Pin=U5-2
Added Net: Name=NetU2_10
