Removed Pin From Net: NetName=NetU2_5 Pin=U1-5
Removed Pin From Net: NetName=NetR1_2 Pin=U1-6
Removed Pin From Net: NetName=NetP2_2 Pin=U1-7
Removed Pin From Net: NetName=NetP2_4 Pin=U1-8
Removed Pin From Net: NetName=NetR2_2 Pin=U1-9
Removed Pin From Net: NetName=NetU2_10 Pin=U1-10
Change Component Designator: OldDesignator=C? NewDesignator=C1
Change Component Designator: OldDesignator=C? NewDesignator=C2
Change Component Designator: OldDesignator=U? NewDesignator=U6
Added Component: Designator=U2(TSSOP-28EP)
Added Pin To Net: NetName=OSCIN Pin=U1-5
Added Pin To Net: NetName=OSCOUT Pin=U1-6
Added Pin To Net: NetName=RST Pin=U1-7
Added Pin To Net: NetName=GND Pin=U1-8
Added Pin To Net: NetName=+3.3V Pin=U1-9
Added Pin To Net: NetName=NetU2_5 Pin=U1-5
Added Pin To Net: NetName=NetR1_2 Pin=U1-6
Added Pin To Net: NetName=NetP2_2 Pin=U1-7
Added Pin To Net: NetName=NetP2_4 Pin=U1-8
Added Pin To Net: NetName=NetR2_2 Pin=U1-9
Added Pin To Net: NetName=NetU2_10 Pin=U1-10
