Removed Pin From Net: NetName=GND_MCU Pin=C30-2
Removed Pin From Net: NetName=GND_MO Pin=C34-2
Removed Pin From Net: NetName=GND_MO Pin=C35-2
Removed Pin From Net: NetName=GND_MO Pin=C36-2
Removed Pin From Net: NetName=GND_MO Pin=C37-2
Removed Pin From Net: NetName=GND_MO Pin=C38-2
Removed Pin From Net: NetName=GND_MCU Pin=C39-1
Removed Pin From Net: NetName=GND_MO Pin=C39-2
Removed Pin From Net: NetName=GND_MCU Pin=C40-1
Removed Pin From Net: NetName=GND_MCU Pin=C41-1
Removed Pin From Net: NetName=5V Pin=C41-2
Removed Pin From Net: NetName=5V Pin=C42-1
Removed Pin From Net: NetName=GND_MCU Pin=C42-2
Removed Pin From Net: NetName=GND_MCU Pin=C43-2
Removed Pin From Net: NetName=GND_MCU Pin=C44-1
Removed Pin From Net: NetName=GND_MCU Pin=C45-1
Removed Pin From Net: NetName=5V Pin=C45-2
Removed Pin From Net: NetName=GND_MCU Pin=C46-1
Removed Pin From Net: NetName=5V Pin=C46-2
Removed Pin From Net: NetName=GND_MCU Pin=C47-1
Removed Pin From Net: NetName=GND_MCU Pin=C48-2
Removed Pin From Net: NetName=GND_MCU Pin=C49-2
Removed Pin From Net: NetName=GND_MCU Pin=C50-2
Removed Pin From Net: NetName=5V Pin=C51-2
Removed Pin From Net: NetName=GND_MCU Pin=D18-1
Removed Pin From Net: NetName=HV+ Pin=F1-2
Removed Pin From Net: NetName=DRV_12V Pin=F2-2
Removed Pin From Net: NetName=5V Pin=L1-2
Removed Pin From Net: NetName=GND_MCU Pin=M1-1
Removed Pin From Net: NetName=GND_MCU Pin=M2-1
Removed Pin From Net: NetName=GND_MCU Pin=M3-1
Removed Pin From Net: NetName=GND_MCU Pin=M4-1
Removed Pin From Net: NetName=GND_MCU Pin=M5-1
Removed Pin From Net: NetName=GND_MCU Pin=M6-1
Removed Pin From Net: NetName=GND_MCU Pin=M7-1
Removed Pin From Net: NetName=GND_MCU Pin=M8-1
Removed Pin From Net: NetName=GND_MCU Pin=M9-1
Removed Pin From Net: NetName=GND_MCU Pin=M10-1
Removed Pin From Net: NetName=GND_MCU Pin=M11-1
Removed Pin From Net: NetName=GND_MCU Pin=M12-1
Removed Pin From Net: NetName=GND_MCU Pin=M13-1
Removed Pin From Net: NetName=GND_MCU Pin=M14-1
Removed Pin From Net: NetName=GND_MCU Pin=M15-1
Removed Pin From Net: NetName=GND_MCU Pin=M16-1
Removed Pin From Net: NetName=GND_MCU Pin=PW1-2
Removed Pin From Net: NetName=5V Pin=PWR2-1
Removed Pin From Net: NetName=GND_MCU Pin=R34-1
Removed Pin From Net: NetName=GND_MO Pin=R39-1
Removed Pin From Net: NetName=GND_MO Pin=R40-1
Removed Pin From Net: NetName=GND_MCU Pin=R41-1
Removed Pin From Net: NetName=GND_MCU Pin=R42-1
Removed Pin From Net: NetName=GND_MCU Pin=T1-8
Removed Pin From Net: NetName=GND_MCU Pin=T1-10
Removed Pin From Net: NetName=GND_MO Pin=U6-1
Removed Pin From Net: NetName=GND_MO Pin=U6-9
Removed Pin From Net: NetName=GND_MCU Pin=U7-1
Removed Pin From Net: NetName=PB0 Pin=U7-2
Removed Pin From Net: NetName=PB1 Pin=U7-3
Removed Pin From Net: NetName=PB2 Pin=U7-4
Removed Pin From Net: NetName=PB3 Pin=U7-5
Removed Pin From Net: NetName=PB4 Pin=U7-6
Removed Pin From Net: NetName=PB5 Pin=U7-7
Removed Pin From Net: NetName=PB6 Pin=U7-8
Removed Pin From Net: NetName=PB7 Pin=U7-9
Removed Pin From Net: NetName=GND_MCU Pin=U7-10
Removed Pin From Net: NetName=5V Pin=U7-11
Removed Pin From Net: NetName=5V Pin=U7-20
Removed Pin From Net: NetName=GND_MCU Pin=U8-1
Removed Pin From Net: NetName=PB8 Pin=U8-2
Removed Pin From Net: NetName=PB9 Pin=U8-3
Removed Pin From Net: NetName=PB10 Pin=U8-4
Removed Pin From Net: NetName=PB11 Pin=U8-5
Removed Pin From Net: NetName=PB12 Pin=U8-6
Removed Pin From Net: NetName=PB13 Pin=U8-7
Removed Pin From Net: NetName=PB14 Pin=U8-8
Removed Pin From Net: NetName=PB15 Pin=U8-9
Removed Pin From Net: NetName=GND_MCU Pin=U8-10
Removed Pin From Net: NetName=5V Pin=U8-11
Removed Pin From Net: NetName=5V Pin=U8-20
Removed Pin From Net: NetName=GND_MCU Pin=U9-3
Removed Pin From Net: NetName=GND_MCU Pin=U9-5
Removed Pin From Net: NetName=GND_MCU Pin=U9-6
Removed Pin From Net: NetName=5V Pin=U10-3
Change Net Name : Old Net Name=5V New Net Name=MCU_5V
Added Pin To Net: NetName=5V Pin=C51-2
Added Pin To Net: NetName=5V Pin=U10-3
Added Net: Name=5V
